[INFO ] 2024-01-17 15:04:47.341 [main] Base - browser is opened
[INFO ] 2024-01-17 15:04:48.311 [main] TC_LF_001 - url opened
[INFO ] 2024-01-17 15:04:48.458 [main] TC_LF_001 - window maximized
[INFO ] 2024-01-17 15:04:49.638 [main] TC_LF_001 - click on btn
[INFO ] 2024-01-17 15:04:50.386 [main] TC_LF_001 - Credentials entered 
[INFO ] 2024-01-17 15:04:53.996 [main] Base - browser is closed
[INFO ] 2024-01-23 16:24:36.313 [main] Base - browser is opened
[INFO ] 2024-01-23 16:24:52.386 [main] Base - browser is closed
[INFO ] 2024-01-23 16:28:04.219 [main] Base - browser is opened
[INFO ] 2024-01-23 16:28:18.796 [main] Base - browser is closed
[INFO ] 2024-01-23 16:31:12.798 [main] Base - browser is opened
[INFO ] 2024-01-23 16:31:20.474 [main] Base - browser is closed
[INFO ] 2024-01-23 16:32:25.901 [main] Base - browser is opened
[INFO ] 2024-01-23 16:32:33.227 [main] Base - browser is closed
[INFO ] 2024-01-23 16:36:00.032 [main] Base - browser is opened
[INFO ] 2024-01-23 16:36:09.156 [main] Base - browser is closed
[INFO ] 2024-01-23 16:36:50.106 [main] Base - browser is opened
[INFO ] 2024-01-23 16:37:01.079 [main] Base - browser is closed
[INFO ] 2024-01-23 16:46:36.764 [main] Base - browser is opened
[INFO ] 2024-01-23 16:46:48.155 [main] Base - browser is closed
